<?xml version="1.0" encoding="UTF-8"?>
<testng-results ignored="0" total="1" passed="1" failed="0" skipped="0">
  <reporter-output>
  </reporter-output>
  <suite started-at="2023-12-23T14:52:28 IST" name="Default suite" finished-at="2023-12-23T14:52:42 IST" duration-ms="13543">
    <groups>
    </groups>
    <test started-at="2023-12-23T14:52:28 IST" name="Default test" finished-at="2023-12-23T14:52:42 IST" duration-ms="13543">
      <class name="com.crm.VTiger2.practice.ExtentReportsExampleProgram">
        <test-method signature="report()[pri:0, instance:com.crm.VTiger2.practice.ExtentReportsExampleProgram@ffaa6af]" started-at="2023-12-23T14:52:29 IST" name="report" finished-at="2023-12-23T14:52:42 IST" duration-ms="13456" status="PASS">
          <reporter-output>
          </reporter-output>
        </test-method> <!-- report -->
      </class> <!-- com.crm.VTiger2.practice.ExtentReportsExampleProgram -->
    </test> <!-- Default test -->
  </suite> <!-- Default suite -->
</testng-results>
