<?xml version="1.0" encoding="UTF-8"?>
<!-- Generated by org.testng.reporters.JUnitXMLReporter -->
<testsuite ignored="4" hostname="Mathi" failures="0" tests="11" name="Test2" time="104.929" errors="0" timestamp="2023-10-14T13:56:36 IST">
  <testcase classname="com.crm.vtiger.ParallelExecution.CrateOMultipleContactUsingTest" name="verifyUserCreateConact" time="13.251"/>
  <testcase classname="com.crm.vtiger.ParallelExecution.CrateOMultipleContactUsingTest" name="verifyUserCreateConact" time="13.936"/>
  <testcase classname="com.crm.vtiger.ParallelExecution.CrateOMultipleContactUsingTest" name="verifyUserCreateConact" time="14.656"/>
  <testcase classname="com.crm.vtiger.ParallelExecution.CrateOMultipleContactUsingTest" name="verifyUserCreateConact" time="10.816"/>
  <testcase classname="com.crm.vtiger.ParallelExecution.CrateOMultipleContactUsingTest" name="verifyUserCreateConact" time="14.35"/>
  <testcase classname="com.crm.vtiger.ParallelExecution.CrateMultipleOrgTest" name="regional" time="0.0">
    <skipped/>
  </testcase> <!-- regional -->
  <testcase classname="com.crm.vtiger.ParallelExecution.CrateMultipleOrgTest" name="verifyUserCreateMultipleOrganisationTest" time="0.0">
    <skipped/>
  </testcase> <!-- verifyUserCreateMultipleOrganisationTest -->
  <testcase classname="com.crm.vtiger.ParallelExecution.CrateMultipleOrgTest" name="verifyUserCreateMultipleOrganisationTest" time="0.0">
    <skipped/>
  </testcase> <!-- verifyUserCreateMultipleOrganisationTest -->
  <testcase classname="com.crm.vtiger.ParallelExecution.CrateMultipleOrgTest" name="verifyUserCreateMultipleOrganisationTest" time="0.0">
    <skipped/>
  </testcase> <!-- verifyUserCreateMultipleOrganisationTest -->
  <testcase classname="com.crm.vtiger.ParallelExecution.CrateMultipleOrgTest" name="verifyUserCreateMultipleOrganisationTest" time="0.0">
    <skipped/>
  </testcase> <!-- verifyUserCreateMultipleOrganisationTest -->
  <testcase classname="com.crm.vtiger.ParallelExecution.CrateMultipleOrgTest" name="verifyUserCreateMultipleOrganisationTest" time="0.0">
    <skipped/>
  </testcase> <!-- verifyUserCreateMultipleOrganisationTest -->
  <testcase classname="com.crm.vtiger.GenericUtility.BaseClassForParallelExecution" name="@BeforeTest bc_config" time="0.0">
    <ignored/>
  </testcase> <!-- @BeforeTest bc_config -->
  <testcase classname="com.crm.vtiger.GenericUtility.BaseClassForParallelExecution" name="@AfterSuite as_config" time="0.0">
    <ignored/>
  </testcase> <!-- @AfterSuite as_config -->
  <testcase classname="com.crm.vtiger.GenericUtility.BaseClassForParallelExecution" name="@AfterTest ac_config" time="0.0">
    <ignored/>
  </testcase> <!-- @AfterTest ac_config -->
  <testcase classname="com.crm.vtiger.GenericUtility.BaseClassForParallelExecution" name="@BeforeSuite bs_config" time="0.0">
    <ignored/>
  </testcase> <!-- @BeforeSuite bs_config -->
</testsuite> <!-- Test2 -->
