<?xml version="1.0" encoding="UTF-8"?>
<!-- Generated by org.testng.reporters.JUnitXMLReporter -->
<testsuite ignored="1" hostname="Mathi" failures="0" tests="1" name="Test" time="23.563" errors="0" timestamp="2023-10-14T13:46:38 IST">
  <testcase classname="com.crm.vtiger.organisation.CrateMultipleOrgTest" name="regional" time="0.016"/>
  <testcase classname="com.crm.vtiger.organisation.CrateMultipleOrgTest" name="verifyUserCreateMultipleOrganisationTest" time="0.0">
    <ignored/>
  </testcase> <!-- verifyUserCreateMultipleOrganisationTest -->
</testsuite> <!-- Test -->
