<?xml version="1.0" encoding="UTF-8"?>
<testng-results ignored="0" total="1" passed="1" failed="0" skipped="0">
  <reporter-output>
    <line>
      <![CDATA[Organisation Link Clicked]]>
    </line>
    <line>
      <![CDATA[add Organisation Link Clicked]]>
    </line>
    <line>
      <![CDATA[Organisation added]]>
    </line>
  </reporter-output>
  <suite started-at="2023-12-19T15:02:44 IST" name="Default suite" finished-at="2023-12-19T15:02:59 IST" duration-ms="14808">
    <groups>
    </groups>
    <test started-at="2023-12-19T15:02:44 IST" name="Default test" finished-at="2023-12-19T15:02:59 IST" duration-ms="14808">
      <class name="com.crm.vtiger.organisation.CrateOrganisationTestByUsingTestNG">
        <test-method is-config="true" signature="bs_config()[pri:0, instance:com.crm.vtiger.organisation.CrateOrganisationTestByUsingTestNG@5f049ea1]" started-at="2023-12-19T15:02:44 IST" name="bs_config" finished-at="2023-12-19T15:02:44 IST" duration-ms="14" status="PASS">
          <reporter-output>
          </reporter-output>
        </test-method> <!-- bs_config -->
        <test-method is-config="true" signature="bc_config()[pri:0, instance:com.crm.vtiger.organisation.CrateOrganisationTestByUsingTestNG@5f049ea1]" started-at="2023-12-19T15:02:44 IST" name="bc_config" finished-at="2023-12-19T15:02:47 IST" duration-ms="2999" status="PASS">
          <reporter-output>
          </reporter-output>
        </test-method> <!-- bc_config -->
        <test-method is-config="true" signature="bm_config()[pri:0, instance:com.crm.vtiger.organisation.CrateOrganisationTestByUsingTestNG@5f049ea1]" started-at="2023-12-19T15:02:47 IST" name="bm_config" finished-at="2023-12-19T15:02:49 IST" duration-ms="2124" status="PASS">
          <reporter-output>
          </reporter-output>
        </test-method> <!-- bm_config -->
        <test-method signature="verifyuserCreateOrganisation()[pri:0, instance:com.crm.vtiger.organisation.CrateOrganisationTestByUsingTestNG@5f049ea1]" started-at="2023-12-19T15:02:49 IST" name="verifyuserCreateOrganisation" finished-at="2023-12-19T15:02:57 IST" duration-ms="8118" status="PASS">
          <reporter-output>
            <line>
              <![CDATA[Organisation Link Clicked]]>
            </line>
            <line>
              <![CDATA[add Organisation Link Clicked]]>
            </line>
            <line>
              <![CDATA[Organisation added]]>
            </line>
          </reporter-output>
        </test-method> <!-- verifyuserCreateOrganisation -->
        <test-method is-config="true" signature="am_config()[pri:0, instance:com.crm.vtiger.organisation.CrateOrganisationTestByUsingTestNG@5f049ea1]" started-at="2023-12-19T15:02:57 IST" name="am_config" finished-at="2023-12-19T15:02:58 IST" duration-ms="1072" status="PASS">
          <reporter-output>
          </reporter-output>
        </test-method> <!-- am_config -->
        <test-method is-config="true" signature="ac_config()[pri:0, instance:com.crm.vtiger.organisation.CrateOrganisationTestByUsingTestNG@5f049ea1]" started-at="2023-12-19T15:02:58 IST" name="ac_config" finished-at="2023-12-19T15:02:59 IST" duration-ms="190" status="PASS">
          <reporter-output>
          </reporter-output>
        </test-method> <!-- ac_config -->
        <test-method is-config="true" signature="as_config()[pri:0, instance:com.crm.vtiger.organisation.CrateOrganisationTestByUsingTestNG@5f049ea1]" started-at="2023-12-19T15:02:59 IST" name="as_config" finished-at="2023-12-19T15:02:59 IST" duration-ms="0" status="PASS">
          <reporter-output>
          </reporter-output>
        </test-method> <!-- as_config -->
      </class> <!-- com.crm.vtiger.organisation.CrateOrganisationTestByUsingTestNG -->
    </test> <!-- Default test -->
  </suite> <!-- Default suite -->
</testng-results>
